Added Component: Designator=C6(CAPACITOR_0805_2012M-70N)
Add component (AddParameter): Name = "Capacitance at Rated Voltage"; Value = ""; VariantName = "[No Variations]"
Add component (AddParameter): Name = "MF Part No."; Value = ""; VariantName = "[No Variations]"
Add component (AddParameter): Name = "Package"; Value = ""; VariantName = "[No Variations]"
Add component (AddParameter): Name = "Rated Voltage"; Value = ""; VariantName = "[No Variations]"
Add component (AddParameter): Name = "Supplier 1"; Value = ""; VariantName = "[No Variations]"
Add component (AddParameter): Name = "Supplier 1 Part No."; Value = ""; VariantName = "[No Variations]"
Add component (AddParameter): Name = "Supplier 2"; Value = ""; VariantName = "[No Variations]"
Add component (AddParameter): Name = "Supplier 2 Part No."; Value = ""; VariantName = "[No Variations]"
Add component (AddParameter): Name = "Temp Range"; Value = ""; VariantName = "[No Variations]"
Add component (AddParameter): Name = "Temperature Coefficient"; Value = ""; VariantName = "[No Variations]"
Add component (AddParameter): Name = "Tolerance"; Value = "?%"; VariantName = "[No Variations]"
Add component (AddParameter): Name = "Value"; Value = ""; VariantName = "[No Variations]"
Added Component: Designator=C6(CAPACITOR_0805_2012M-70N)
Add component (AddParameter): Name = "Capacitance at Rated Voltage"; Value = ""; VariantName = "[No Variations]"
Add component (AddParameter): Name = "MF Part No."; Value = ""; VariantName = "[No Variations]"
Add component (AddParameter): Name = "Package"; Value = ""; VariantName = "[No Variations]"
Add component (AddParameter): Name = "Rated Voltage"; Value = ""; VariantName = "[No Variations]"
Add component (AddParameter): Name = "Supplier 1"; Value = ""; VariantName = "[No Variations]"
Add component (AddParameter): Name = "Supplier 1 Part No."; Value = ""; VariantName = "[No Variations]"
Add component (AddParameter): Name = "Supplier 2"; Value = ""; VariantName = "[No Variations]"
Add component (AddParameter): Name = "Supplier 2 Part No."; Value = ""; VariantName = "[No Variations]"
Add component (AddParameter): Name = "Temp Range"; Value = ""; VariantName = "[No Variations]"
Add component (AddParameter): Name = "Temperature Coefficient"; Value = ""; VariantName = "[No Variations]"
Add component (AddParameter): Name = "Tolerance"; Value = "?%"; VariantName = "[No Variations]"
Add component (AddParameter): Name = "Value"; Value = ""; VariantName = "[No Variations]"
Added Pin To Net: NetName=LIGHT2 Pin=C1-2
Added Pin To Net: NetName=LIGHT2 Pin=C6-1
Added Pin To Net: NetName=LIGHT2 Pin=C6-1
Added Pin To Net: NetName=GND Pin=C6-2
Added Pin To Net: NetName=GND Pin=C6-2
Added Pin To Net: NetName=LIGHT2 Pin=U2-1
Added Pin To Net: NetName=LIGHT2 Pin=U?-2
Added Member To Class: ClassName=Sheet1 Member=Component C3 *
Added Member To Class: ClassName=Sheet1 Member=Component C4 *
Added Member To Class: ClassName=Sheet1 Member=Component C6 *
Added Member To Class: ClassName=Sheet1 Member=Component C6 *
Added Member To Class: ClassName=Sheet1 Member=Component DS1 UR502DC
Added Member To Class: ClassName=Sheet1 Member=Component J2 0533980471
Added Member To Class: ClassName=Sheet1 Member=Component J3 0533980471
Added Member To Class: ClassName=Sheet1 Member=Component R4 *
Added Member To Class: ClassName=Sheet1 Member=Component R6 *
Added Member To Class: ClassName=Sheet1 Member=Component R8 *
Added Member To Class: ClassName=Sheet1 Member=Component SB1 Solder Jumper Normally Open
Added Member To Class: ClassName=Sheet1 Member=Component SB4 Solder Jumper Normally Open
Added Member To Class: ClassName=Sheet1 Member=Component U4 BME280
Added Member To Class: ClassName=Sheet1 Member=Component U? PRESSURE-BMP180(LGA7)
